Determining if the pthread_create exist failed with the following output:
Change Dir: /home/hxw/visual_concepts_image_caption/models/vgg/torch-caffe-binding/CMakeFiles/CMakeTmp

Run Build Command:/usr/bin/make "cmTryCompileExec3538842028/fast"
/usr/bin/make -f CMakeFiles/cmTryCompileExec3538842028.dir/build.make CMakeFiles/cmTryCompileExec3538842028.dir/build
make[1]: Entering directory `/home/hxw/visual_concepts_image_caption/models/vgg/torch-caffe-binding/CMakeFiles/CMakeTmp'
/usr/bin/cmake -E cmake_progress_report /home/hxw/visual_concepts_image_caption/models/vgg/torch-caffe-binding/CMakeFiles/CMakeTmp/CMakeFiles 1
Building C object CMakeFiles/cmTryCompileExec3538842028.dir/CheckSymbolExists.c.o
/usr/bin/cc   -fPIC    -o CMakeFiles/cmTryCompileExec3538842028.dir/CheckSymbolExists.c.o   -c /home/hxw/visual_concepts_image_caption/models/vgg/torch-caffe-binding/CMakeFiles/CMakeTmp/CheckSymbolExists.c
Linking C executable cmTryCompileExec3538842028
/usr/bin/cmake -E cmake_link_script CMakeFiles/cmTryCompileExec3538842028.dir/link.txt --verbose=1
/usr/bin/cc  -fPIC     CMakeFiles/cmTryCompileExec3538842028.dir/CheckSymbolExists.c.o  -o cmTryCompileExec3538842028 -rdynamic 
CMakeFiles/cmTryCompileExec3538842028.dir/CheckSymbolExists.c.o: In function `main':
CheckSymbolExists.c:(.text+0x1b): undefined reference to `pthread_create'
collect2: error: ld returned 1 exit status
make[1]: *** [cmTryCompileExec3538842028] Error 1
make[1]: Leaving directory `/home/hxw/visual_concepts_image_caption/models/vgg/torch-caffe-binding/CMakeFiles/CMakeTmp'
make: *** [cmTryCompileExec3538842028/fast] Error 2

File /home/hxw/visual_concepts_image_caption/models/vgg/torch-caffe-binding/CMakeFiles/CMakeTmp/CheckSymbolExists.c:
/* */
#include <pthread.h>

int main(int argc, char** argv)
{
  (void)argv;
#ifndef pthread_create
  return ((int*)(&pthread_create))[argc];
#else
  (void)argc;
  return 0;
#endif
}

Determining if the function pthread_create exists in the pthreads failed with the following output:
Change Dir: /home/hxw/visual_concepts_image_caption/models/vgg/torch-caffe-binding/CMakeFiles/CMakeTmp

Run Build Command:/usr/bin/make "cmTryCompileExec1660190049/fast"
/usr/bin/make -f CMakeFiles/cmTryCompileExec1660190049.dir/build.make CMakeFiles/cmTryCompileExec1660190049.dir/build
make[1]: Entering directory `/home/hxw/visual_concepts_image_caption/models/vgg/torch-caffe-binding/CMakeFiles/CMakeTmp'
/usr/bin/cmake -E cmake_progress_report /home/hxw/visual_concepts_image_caption/models/vgg/torch-caffe-binding/CMakeFiles/CMakeTmp/CMakeFiles 1
Building C object CMakeFiles/cmTryCompileExec1660190049.dir/CheckFunctionExists.c.o
/usr/bin/cc   -fPIC -DCHECK_FUNCTION_EXISTS=pthread_create   -o CMakeFiles/cmTryCompileExec1660190049.dir/CheckFunctionExists.c.o   -c /usr/share/cmake-2.8/Modules/CheckFunctionExists.c
Linking C executable cmTryCompileExec1660190049
/usr/bin/cmake -E cmake_link_script CMakeFiles/cmTryCompileExec1660190049.dir/link.txt --verbose=1
/usr/bin/cc  -fPIC -DCHECK_FUNCTION_EXISTS=pthread_create    CMakeFiles/cmTryCompileExec1660190049.dir/CheckFunctionExists.c.o  -o cmTryCompileExec1660190049 -rdynamic -lpthreads 
/usr/bin/ld: cannot find -lpthreads
collect2: error: ld returned 1 exit status
make[1]: *** [cmTryCompileExec1660190049] Error 1
make[1]: Leaving directory `/home/hxw/visual_concepts_image_caption/models/vgg/torch-caffe-binding/CMakeFiles/CMakeTmp'
make: *** [cmTryCompileExec1660190049/fast] Error 2


